#
# There is insufficient memory for the Java Runtime Environment to continue.
# Native memory allocation (malloc) failed to allocate 2013280 bytes. Error detail: Chunk::new
# Possible reasons:
#   The system is out of physical RAM or swap space
#   This process is running with CompressedOops enabled, and the Java Heap may be blocking the growth of the native heap
# Possible solutions:
#   Reduce memory load on the system
#   Increase physical memory or swap space
#   Check if swap backing store is full
#   Decrease Java heap size (-Xmx/-Xms)
#   Decrease number of Java threads
#   Decrease Java thread stack sizes (-Xss)
#   Set larger code cache with -XX:ReservedCodeCacheSize=
#   JVM is running with Unscaled Compressed Oops mode in which the Java heap is
#     placed in the first 4GB address space. The Java Heap base address is the
#     maximum limit for the native heap growth. Please use -XX:HeapBaseMinAddress
#     to set the Java Heap base and to place the Java Heap above 4GB virtual address.
# This output file may be truncated or incomplete.
#
#  Out of Memory Error (arena.cpp:168), pid=56468, tid=16924
#
# JRE version: OpenJDK Runtime Environment Temurin-21.0.7+6 (21.0.7+6) (build 21.0.7+6-LTS)
# Java VM: OpenJDK 64-Bit Server VM Temurin-21.0.7+6 (21.0.7+6-LTS, mixed mode, sharing, tiered, compressed oops, compressed class ptrs, parallel gc, windows-amd64)
# No core dump will be written. Minidumps are not enabled by default on client versions of Windows
#

---------------  S U M M A R Y ------------

Command Line: --add-modules=ALL-SYSTEM --add-opens=java.base/java.util=ALL-UNNAMED --add-opens=java.base/java.lang=ALL-UNNAMED --add-opens=java.base/sun.nio.fs=ALL-UNNAMED -Declipse.application=org.eclipse.jdt.ls.core.id1 -Dosgi.bundles.defaultStartLevel=4 -Declipse.product=org.eclipse.jdt.ls.core.product -Djava.import.generatesMetadataFilesAtProjectRoot=false -DDetectVMInstallationsJob.disabled=true -Dfile.encoding=utf8 -XX:+UseParallelGC -XX:GCTimeRatio=4 -XX:AdaptiveSizePolicyWeight=90 -Dsun.zip.disableMemoryMapping=true -Xmx2G -Xms100m -Xlog:disable -javaagent:c:\Users\Yashika\.vscode\extensions\redhat.java-1.43.1-win32-x64\lombok\lombok-1.18.39-4050.jar -XX:+HeapDumpOnOutOfMemoryError -XX:HeapDumpPath=c:\Users\Yashika\AppData\Roaming\Code\User\workspaceStorage\0641453d2ab25f122ecbe5bb976cc655\redhat.java -Daether.dependencyCollector.impl=bf c:\Users\Yashika\.vscode\extensions\redhat.java-1.43.1-win32-x64\server\plugins\org.eclipse.equinox.launcher_1.7.0.v20250519-0528.jar -configuration c:\Users\Yashika\AppData\Roaming\Code\User\globalStorage\redhat.java\1.43.1\config_win -data c:\Users\Yashika\AppData\Roaming\Code\User\workspaceStorage\0641453d2ab25f122ecbe5bb976cc655\redhat.java\jdt_ws --pipe=\\.\pipe\lsp-cca6afc68c32e084e8cebcda59ed8d6a-sock

Host: 11th Gen Intel(R) Core(TM) i7-1165G7 @ 2.80GHz, 8 cores, 15G,  Windows 11 , 64 bit Build 26100 (10.0.26100.3323)
Time: Sat Jul 19 23:56:53 2025 India Standard Time elapsed time: 18.526937 seconds (0d 0h 0m 18s)

---------------  T H R E A D  ---------------

Current thread (0x00000264dbe9a6f0):  JavaThread "C2 CompilerThread0" daemon [_thread_in_native, id=16924, stack(0x000000b953100000,0x000000b953200000) (1024K)]


Current CompileTask:
C2:18526 3845       4       org.lombokweb.asm.ClassReader::readMethod (1070 bytes)

Stack: [0x000000b953100000,0x000000b953200000]
Native frames: (J=compiled Java code, j=interpreted, Vv=VM code, C=native code)
V  [jvm.dll+0x6ce119]
V  [jvm.dll+0x8a84a1]
V  [jvm.dll+0x8aa9ce]
V  [jvm.dll+0x8ab0b3]
V  [jvm.dll+0x27f8a6]
V  [jvm.dll+0xc507d]
V  [jvm.dll+0xc55b3]
V  [jvm.dll+0x3b692c]
V  [jvm.dll+0x1dfe33]
V  [jvm.dll+0x247c42]
V  [jvm.dll+0x2470cf]
V  [jvm.dll+0x1c760e]
V  [jvm.dll+0x25695a]
V  [jvm.dll+0x254efa]
V  [jvm.dll+0x3f03f6]
V  [jvm.dll+0x851f6b]
V  [jvm.dll+0x6cc7dd]
C  [ucrtbase.dll+0x37b0]
C  [KERNEL32.DLL+0x2e8d7]
C  [ntdll.dll+0xbbf6c]


---------------  P R O C E S S  ---------------

Threads class SMR info:
_java_thread_list=0x00000264fb37cfa0, length=25, elements={
0x00000264dbf0e4a0, 0x00000264dbfc9f40, 0x00000264dbfcad50, 0x00000264dbe84d40,
0x00000264dbe85990, 0x00000264dbe89b80, 0x00000264dbe8db40, 0x00000264dbe9a6f0,
0x00000264f4160080, 0x00000264f4232ea0, 0x00000264f43f7040, 0x00000264f4b62f80,
0x00000264f4215bc0, 0x00000264f420c940, 0x00000264f456b4b0, 0x00000264f4b00c10,
0x00000264f90eb660, 0x00000264f4d24090, 0x00000264f9680c40, 0x00000264f4d22ce0,
0x00000264f4d24720, 0x00000264f4d23370, 0x00000264f4d212a0, 0x00000264f96820b0,
0x00000264f4d21930
}

Java Threads: ( => current thread )
  0x00000264dbf0e4a0 JavaThread "main"                              [_thread_blocked, id=104236, stack(0x000000b952700000,0x000000b952800000) (1024K)]
  0x00000264dbfc9f40 JavaThread "Reference Handler"          daemon [_thread_blocked, id=212200, stack(0x000000b952b00000,0x000000b952c00000) (1024K)]
  0x00000264dbfcad50 JavaThread "Finalizer"                  daemon [_thread_blocked, id=41720, stack(0x000000b952c00000,0x000000b952d00000) (1024K)]
  0x00000264dbe84d40 JavaThread "Signal Dispatcher"          daemon [_thread_blocked, id=274124, stack(0x000000b952d00000,0x000000b952e00000) (1024K)]
  0x00000264dbe85990 JavaThread "Attach Listener"            daemon [_thread_blocked, id=152276, stack(0x000000b952e00000,0x000000b952f00000) (1024K)]
  0x00000264dbe89b80 JavaThread "Service Thread"             daemon [_thread_blocked, id=194572, stack(0x000000b952f00000,0x000000b953000000) (1024K)]
  0x00000264dbe8db40 JavaThread "Monitor Deflation Thread"   daemon [_thread_blocked, id=274168, stack(0x000000b953000000,0x000000b953100000) (1024K)]
=>0x00000264dbe9a6f0 JavaThread "C2 CompilerThread0"         daemon [_thread_in_native, id=16924, stack(0x000000b953100000,0x000000b953200000) (1024K)]
  0x00000264f4160080 JavaThread "C1 CompilerThread0"         daemon [_thread_blocked, id=144504, stack(0x000000b953200000,0x000000b953300000) (1024K)]
  0x00000264f4232ea0 JavaThread "Common-Cleaner"             daemon [_thread_blocked, id=244168, stack(0x000000b953300000,0x000000b953400000) (1024K)]
  0x00000264f43f7040 JavaThread "Notification Thread"        daemon [_thread_blocked, id=255388, stack(0x000000b953500000,0x000000b953600000) (1024K)]
  0x00000264f4b62f80 JavaThread "Active Thread: Equinox Container: 57ec612b-533e-4772-aedb-3628d5b7ef6c"        [_thread_blocked, id=166432, stack(0x000000b953d00000,0x000000b953e00000) (1024K)]
  0x00000264f4215bc0 JavaThread "Refresh Thread: Equinox Container: 57ec612b-533e-4772-aedb-3628d5b7ef6c" daemon [_thread_blocked, id=197320, stack(0x000000b953400000,0x000000b953500000) (1024K)]
  0x00000264f420c940 JavaThread "Framework Event Dispatcher: Equinox Container: 57ec612b-533e-4772-aedb-3628d5b7ef6c" daemon [_thread_blocked, id=274836, stack(0x000000b953e00000,0x000000b953f00000) (1024K)]
  0x00000264f456b4b0 JavaThread "Start Level: Equinox Container: 57ec612b-533e-4772-aedb-3628d5b7ef6c" daemon [_thread_in_vm, id=180944, stack(0x000000b953f00000,0x000000b954000000) (1024K)]
  0x00000264f4b00c10 JavaThread "Bundle File Closer"         daemon [_thread_blocked, id=56956, stack(0x000000b954100000,0x000000b954200000) (1024K)]
  0x00000264f90eb660 JavaThread "SCR Component Actor"        daemon [_thread_blocked, id=185400, stack(0x000000b954000000,0x000000b954100000) (1024K)]
  0x00000264f4d24090 JavaThread "SCR Component Registry"     daemon [_thread_blocked, id=223288, stack(0x000000b954200000,0x000000b954300000) (1024K)]
  0x00000264f9680c40 JavaThread "C2 CompilerThread1"         daemon [_thread_blocked, id=53916, stack(0x000000b954300000,0x000000b954400000) (1024K)]
  0x00000264f4d22ce0 JavaThread "Worker-JM"                         [_thread_blocked, id=125240, stack(0x000000b954400000,0x000000b954500000) (1024K)]
  0x00000264f4d24720 JavaThread "Worker-0"                          [_thread_blocked, id=201996, stack(0x000000b954500000,0x000000b954600000) (1024K)]
  0x00000264f4d23370 JavaThread "Worker-1"                          [_thread_blocked, id=239988, stack(0x000000b954600000,0x000000b954700000) (1024K)]
  0x00000264f4d212a0 JavaThread "Java indexing"              daemon [_thread_blocked, id=284220, stack(0x000000b954700000,0x000000b954800000) (1024K)]
  0x00000264f96820b0 JavaThread "C2 CompilerThread2"         daemon [_thread_blocked, id=224928, stack(0x000000b954800000,0x000000b954900000) (1024K)]
  0x00000264f4d21930 JavaThread "JNA Cleaner"                daemon [_thread_blocked, id=220104, stack(0x000000b954900000,0x000000b954a00000) (1024K)]
Total: 25

Other Threads:
  0x00000264dbe81d30 VMThread "VM Thread"                           [id=232908, stack(0x000000b952a00000,0x000000b952b00000) (1024K)]
  0x00000264dbf7a2f0 WatcherThread "VM Periodic Task Thread"        [id=72472, stack(0x000000b952900000,0x000000b952a00000) (1024K)]
  0x00000264dbf2c7b0 WorkerThread "GC Thread#0"                     [id=244744, stack(0x000000b952800000,0x000000b952900000) (1024K)]
  0x00000264f4a18bd0 WorkerThread "GC Thread#1"                     [id=61256, stack(0x000000b953700000,0x000000b953800000) (1024K)]
  0x00000264f4a18f70 WorkerThread "GC Thread#2"                     [id=86760, stack(0x000000b953800000,0x000000b953900000) (1024K)]
  0x00000264f4a19310 WorkerThread "GC Thread#3"                     [id=295604, stack(0x000000b953900000,0x000000b953a00000) (1024K)]
  0x00000264f49e9570 WorkerThread "GC Thread#4"                     [id=56408, stack(0x000000b953a00000,0x000000b953b00000) (1024K)]
  0x00000264f48eb4d0 WorkerThread "GC Thread#5"                     [id=244712, stack(0x000000b953b00000,0x000000b953c00000) (1024K)]
  0x00000264f48eb870 WorkerThread "GC Thread#6"                     [id=260416, stack(0x000000b953c00000,0x000000b953d00000) (1024K)]
  0x00000264f4216220 WorkerThread "GC Thread#7"                     [id=231252, stack(0x000000b953600000,0x000000b953700000) (1024K)]
Total: 10

Threads with active compile tasks:
C2 CompilerThread0  18552 3845       4       org.lombokweb.asm.ClassReader::readMethod (1070 bytes)
Total: 1

VM state: not at safepoint (normal execution)

VM Mutex/Monitor currently owned by a thread: None

Heap address: 0x0000000080000000, size: 2048 MB, Compressed Oops mode: 32-bit

CDS archive(s) mapped at: [0x0000026480000000-0x0000026480ba0000-0x0000026480ba0000), size 12189696, SharedBaseAddress: 0x0000026480000000, ArchiveRelocationMode: 1.
Compressed class space mapped at: 0x0000026481000000-0x00000264c1000000, reserved size: 1073741824
Narrow klass base: 0x0000026480000000, Narrow klass shift: 0, Narrow klass range: 0x100000000

GC Precious Log:
 CardTable entry size: 512
 CPUs: 8 total, 8 available
 Memory: 16064M
 Large Page Support: Disabled
 NUMA Support: Disabled
 Compressed Oops: Enabled (32-bit)
 Alignments: Space 512K, Generation 512K, Heap 2M
 Heap Min Capacity: 100M
 Heap Initial Capacity: 100M
 Heap Max Capacity: 2G
 Pre-touch: Disabled
 Parallel Workers: 8

Heap:
 PSYoungGen      total 25088K, used 15618K [0x00000000d5580000, 0x00000000d7500000, 0x0000000100000000)
  eden space 23040K, 59% used [0x00000000d5580000,0x00000000d62ecc08,0x00000000d6c00000)
  from space 2048K, 91% used [0x00000000d7300000,0x00000000d74d3da0,0x00000000d7500000)
  to   space 2560K, 0% used [0x00000000d7000000,0x00000000d7000000,0x00000000d7280000)
 ParOldGen       total 68608K, used 13387K [0x0000000080000000, 0x0000000084300000, 0x00000000d5580000)
  object space 68608K, 19% used [0x0000000080000000,0x0000000080d12c10,0x0000000084300000)
 Metaspace       used 28474K, committed 29312K, reserved 1114112K
  class space    used 2723K, committed 3072K, reserved 1048576K

Card table byte_map: [0x00000264db8b0000,0x00000264dbcc0000] _byte_map_base: 0x00000264db4b0000

Marking Bits: (ParMarkBitMap*) 0x00007ffa953d31f0
 Begin Bits: [0x00000264ee3b0000, 0x00000264f03b0000)
 End Bits:   [0x00000264f03b0000, 0x00000264f23b0000)

Polling page: 0x00000264d9d30000

Metaspace:

Usage:
  Non-class:     25.15 MB used.
      Class:      2.66 MB used.
       Both:     27.81 MB used.

Virtual space:
  Non-class space:       64.00 MB reserved,      25.62 MB ( 40%) committed,  1 nodes.
      Class space:        1.00 GB reserved,       3.00 MB ( <1%) committed,  1 nodes.
             Both:        1.06 GB reserved,      28.62 MB (  3%) committed. 

Chunk freelists:
   Non-Class:  6.27 MB
       Class:  13.00 MB
        Both:  19.27 MB

MaxMetaspaceSize: unlimited
CompressedClassSpaceSize: 1.00 GB
Initial GC threshold: 21.00 MB
Current GC threshold: 35.00 MB
CDS: on
 - commit_granule_bytes: 65536.
 - commit_granule_words: 8192.
 - virtual_space_node_default_size: 8388608.
 - enlarge_chunks_in_place: 1.
 - use_allocation_guard: 0.


Internal statistics:

num_allocs_failed_limit: 3.
num_arena_births: 588.
num_arena_deaths: 14.
num_vsnodes_births: 2.
num_vsnodes_deaths: 0.
num_space_committed: 458.
num_space_uncommitted: 0.
num_chunks_returned_to_freelist: 17.
num_chunks_taken_from_freelist: 1665.
num_chunk_merges: 7.
num_chunk_splits: 1101.
num_chunks_enlarged: 733.
num_inconsistent_stats: 0.

CodeHeap 'non-profiled nmethods': size=120000Kb used=1989Kb max_used=1989Kb free=118010Kb
 bounds [0x00000264e6bd0000, 0x00000264e6e40000, 0x00000264ee100000]
CodeHeap 'profiled nmethods': size=120000Kb used=8648Kb max_used=8648Kb free=111351Kb
 bounds [0x00000264df100000, 0x00000264df980000, 0x00000264e6630000]
CodeHeap 'non-nmethods': size=5760Kb used=1346Kb max_used=1376Kb free=4413Kb
 bounds [0x00000264e6630000, 0x00000264e68a0000, 0x00000264e6bd0000]
 total_blobs=4760 nmethods=4134 adapters=532
 compilation: enabled
              stopped_count=0, restarted_count=0
 full_count=0

Compilation events (20 events):
Event: 18.292 Thread 0x00000264f96820b0 nmethod 4121 0x00000264e6dbc110 code [0x00000264e6dbc2a0, 0x00000264e6dbc470]
Event: 18.294 Thread 0x00000264f9680c40 nmethod 4120 0x00000264e6dbc510 code [0x00000264e6dbc720, 0x00000264e6dbcda8]
Event: 18.297 Thread 0x00000264f4160080 4122       3       java.nio.Buffer::flip (20 bytes)
Event: 18.297 Thread 0x00000264f4160080 nmethod 4122 0x00000264df96e990 code [0x00000264df96eb20, 0x00000264df96ec40]
Event: 18.297 Thread 0x00000264f4160080 4123       1       java.text.DecimalFormatSymbols::getZeroDigit (5 bytes)
Event: 18.297 Thread 0x00000264f4160080 nmethod 4123 0x00000264e6dbd310 code [0x00000264e6dbd4a0, 0x00000264e6dbd570]
Event: 18.300 Thread 0x00000264f4160080 4124       3       org.eclipse.core.internal.registry.ConfigurationElementHandle::getName (8 bytes)
Event: 18.300 Thread 0x00000264f4160080 nmethod 4124 0x00000264df96ed10 code [0x00000264df96eee0, 0x00000264df96f360]
Event: 18.301 Thread 0x00000264f4160080 4125       3       java.lang.String::getBytes (44 bytes)
Event: 18.301 Thread 0x00000264f4160080 nmethod 4125 0x00000264df96f490 code [0x00000264df96f660, 0x00000264df96f968]
Event: 18.301 Thread 0x00000264f4160080 4126   !   3       org.eclipse.osgi.internal.loader.SystemBundleLoader::findLocalClass (12 bytes)
Event: 18.302 Thread 0x00000264f4160080 nmethod 4126 0x00000264df96fa90 code [0x00000264df96fc60, 0x00000264df96ff70]
Event: 18.306 Thread 0x00000264f4160080 4127       3       java.util.LinkedHashMap$LinkedKeyIterator::next (8 bytes)
Event: 18.306 Thread 0x00000264f4160080 nmethod 4127 0x00000264df970090 code [0x00000264df970240, 0x00000264df970398]
Event: 18.307 Thread 0x00000264f4160080 4128       3       org.eclipse.core.runtime.ServiceCaller$ReferenceAndService::bundleChanged (32 bytes)
Event: 18.307 Thread 0x00000264f4160080 nmethod 4128 0x00000264df970490 code [0x00000264df9706c0, 0x00000264df970e18]
Event: 18.319 Thread 0x00000264f4160080 4130       3       java.io.FileDescriptor$1::getAppend (5 bytes)
Event: 18.319 Thread 0x00000264f4160080 nmethod 4130 0x00000264df971210 code [0x00000264df9713a0, 0x00000264df9714b8]
Event: 18.319 Thread 0x00000264f4160080 4131   !   3       java.io.FileOutputStream::write (47 bytes)
Event: 18.319 Thread 0x00000264f4160080 nmethod 4131 0x00000264df971590 code [0x00000264df971780, 0x00000264df971a48]

GC Heap History (20 events):
Event: 6.965 GC heap before
{Heap before GC invocations=2 (full 0):
 PSYoungGen      total 29696K, used 28903K [0x00000000d5580000, 0x00000000d7680000, 0x0000000100000000)
  eden space 25600K, 100% used [0x00000000d5580000,0x00000000d6e80000,0x00000000d6e80000)
  from space 4096K, 80% used [0x00000000d6e80000,0x00000000d71b9c68,0x00000000d7280000)
  to   space 4096K, 0% used [0x00000000d7280000,0x00000000d7280000,0x00000000d7680000)
 ParOldGen       total 68608K, used 16K [0x0000000080000000, 0x0000000084300000, 0x00000000d5580000)
  object space 68608K, 0% used [0x0000000080000000,0x0000000080004000,0x0000000084300000)
 Metaspace       used 7990K, committed 8256K, reserved 1114112K
  class space    used 816K, committed 960K, reserved 1048576K
}
Event: 6.971 GC heap after
{Heap after GC invocations=2 (full 0):
 PSYoungGen      total 29696K, used 4069K [0x00000000d5580000, 0x00000000d7680000, 0x0000000100000000)
  eden space 25600K, 0% used [0x00000000d5580000,0x00000000d5580000,0x00000000d6e80000)
  from space 4096K, 99% used [0x00000000d7280000,0x00000000d76795d0,0x00000000d7680000)
  to   space 4096K, 0% used [0x00000000d6e80000,0x00000000d6e80000,0x00000000d7280000)
 ParOldGen       total 68608K, used 1721K [0x0000000080000000, 0x0000000084300000, 0x00000000d5580000)
  object space 68608K, 2% used [0x0000000080000000,0x00000000801ae6a8,0x0000000084300000)
 Metaspace       used 7990K, committed 8256K, reserved 1114112K
  class space    used 816K, committed 960K, reserved 1048576K
}
Event: 10.745 GC heap before
{Heap before GC invocations=3 (full 0):
 PSYoungGen      total 29696K, used 29669K [0x00000000d5580000, 0x00000000d7680000, 0x0000000100000000)
  eden space 25600K, 100% used [0x00000000d5580000,0x00000000d6e80000,0x00000000d6e80000)
  from space 4096K, 99% used [0x00000000d7280000,0x00000000d76795d0,0x00000000d7680000)
  to   space 4096K, 0% used [0x00000000d6e80000,0x00000000d6e80000,0x00000000d7280000)
 ParOldGen       total 68608K, used 1721K [0x0000000080000000, 0x0000000084300000, 0x00000000d5580000)
  object space 68608K, 2% used [0x0000000080000000,0x00000000801ae6a8,0x0000000084300000)
 Metaspace       used 9262K, committed 9600K, reserved 1114112K
  class space    used 963K, committed 1152K, reserved 1048576K
}
Event: 10.752 GC heap after
{Heap after GC invocations=3 (full 0):
 PSYoungGen      total 29696K, used 4080K [0x00000000d5580000, 0x00000000d7680000, 0x0000000100000000)
  eden space 25600K, 0% used [0x00000000d5580000,0x00000000d5580000,0x00000000d6e80000)
  from space 4096K, 99% used [0x00000000d6e80000,0x00000000d727c228,0x00000000d7280000)
  to   space 4096K, 0% used [0x00000000d7280000,0x00000000d7280000,0x00000000d7680000)
 ParOldGen       total 68608K, used 5118K [0x0000000080000000, 0x0000000084300000, 0x00000000d5580000)
  object space 68608K, 7% used [0x0000000080000000,0x00000000804ffbe0,0x0000000084300000)
 Metaspace       used 9262K, committed 9600K, reserved 1114112K
  class space    used 963K, committed 1152K, reserved 1048576K
}
Event: 17.229 GC heap before
{Heap before GC invocations=4 (full 0):
 PSYoungGen      total 29696K, used 29680K [0x00000000d5580000, 0x00000000d7680000, 0x0000000100000000)
  eden space 25600K, 100% used [0x00000000d5580000,0x00000000d6e80000,0x00000000d6e80000)
  from space 4096K, 99% used [0x00000000d6e80000,0x00000000d727c228,0x00000000d7280000)
  to   space 4096K, 0% used [0x00000000d7280000,0x00000000d7280000,0x00000000d7680000)
 ParOldGen       total 68608K, used 5118K [0x0000000080000000, 0x0000000084300000, 0x00000000d5580000)
  object space 68608K, 7% used [0x0000000080000000,0x00000000804ffbe0,0x0000000084300000)
 Metaspace       used 12022K, committed 12480K, reserved 1114112K
  class space    used 1248K, committed 1472K, reserved 1048576K
}
Event: 17.233 GC heap after
{Heap after GC invocations=4 (full 0):
 PSYoungGen      total 29696K, used 4074K [0x00000000d5580000, 0x00000000d7680000, 0x0000000100000000)
  eden space 25600K, 0% used [0x00000000d5580000,0x00000000d5580000,0x00000000d6e80000)
  from space 4096K, 99% used [0x00000000d7280000,0x00000000d767abb0,0x00000000d7680000)
  to   space 4096K, 0% used [0x00000000d6e80000,0x00000000d6e80000,0x00000000d7280000)
 ParOldGen       total 68608K, used 6740K [0x0000000080000000, 0x0000000084300000, 0x00000000d5580000)
  object space 68608K, 9% used [0x0000000080000000,0x00000000806953e0,0x0000000084300000)
 Metaspace       used 12022K, committed 12480K, reserved 1114112K
  class space    used 1248K, committed 1472K, reserved 1048576K
}
Event: 17.514 GC heap before
{Heap before GC invocations=5 (full 0):
 PSYoungGen      total 29696K, used 29674K [0x00000000d5580000, 0x00000000d7680000, 0x0000000100000000)
  eden space 25600K, 100% used [0x00000000d5580000,0x00000000d6e80000,0x00000000d6e80000)
  from space 4096K, 99% used [0x00000000d7280000,0x00000000d767abb0,0x00000000d7680000)
  to   space 4096K, 0% used [0x00000000d6e80000,0x00000000d6e80000,0x00000000d7280000)
 ParOldGen       total 68608K, used 6740K [0x0000000080000000, 0x0000000084300000, 0x00000000d5580000)
  object space 68608K, 9% used [0x0000000080000000,0x00000000806953e0,0x0000000084300000)
 Metaspace       used 15385K, committed 15936K, reserved 1114112K
  class space    used 1553K, committed 1792K, reserved 1048576K
}
Event: 17.516 GC heap after
{Heap after GC invocations=5 (full 0):
 PSYoungGen      total 29184K, used 4070K [0x00000000d5580000, 0x00000000d7900000, 0x0000000100000000)
  eden space 25088K, 0% used [0x00000000d5580000,0x00000000d5580000,0x00000000d6e00000)
  from space 4096K, 99% used [0x00000000d6e80000,0x00000000d7279bf0,0x00000000d7280000)
  to   space 5632K, 0% used [0x00000000d7380000,0x00000000d7380000,0x00000000d7900000)
 ParOldGen       total 68608K, used 7749K [0x0000000080000000, 0x0000000084300000, 0x00000000d5580000)
  object space 68608K, 11% used [0x0000000080000000,0x0000000080791400,0x0000000084300000)
 Metaspace       used 15385K, committed 15936K, reserved 1114112K
  class space    used 1553K, committed 1792K, reserved 1048576K
}
Event: 17.719 GC heap before
{Heap before GC invocations=6 (full 0):
 PSYoungGen      total 29184K, used 29158K [0x00000000d5580000, 0x00000000d7900000, 0x0000000100000000)
  eden space 25088K, 100% used [0x00000000d5580000,0x00000000d6e00000,0x00000000d6e00000)
  from space 4096K, 99% used [0x00000000d6e80000,0x00000000d7279bf0,0x00000000d7280000)
  to   space 5632K, 0% used [0x00000000d7380000,0x00000000d7380000,0x00000000d7900000)
 ParOldGen       total 68608K, used 7749K [0x0000000080000000, 0x0000000084300000, 0x00000000d5580000)
  object space 68608K, 11% used [0x0000000080000000,0x0000000080791400,0x0000000084300000)
 Metaspace       used 17798K, committed 18560K, reserved 1114112K
  class space    used 1818K, committed 2176K, reserved 1048576K
}
Event: 17.722 GC heap after
{Heap after GC invocations=6 (full 0):
 PSYoungGen      total 28672K, used 3995K [0x00000000d5580000, 0x00000000d7780000, 0x0000000100000000)
  eden space 24576K, 0% used [0x00000000d5580000,0x00000000d5580000,0x00000000d6d80000)
  from space 4096K, 97% used [0x00000000d7380000,0x00000000d7766f98,0x00000000d7780000)
  to   space 4608K, 0% used [0x00000000d6e80000,0x00000000d6e80000,0x00000000d7300000)
 ParOldGen       total 68608K, used 7757K [0x0000000080000000, 0x0000000084300000, 0x00000000d5580000)
  object space 68608K, 11% used [0x0000000080000000,0x0000000080793400,0x0000000084300000)
 Metaspace       used 17798K, committed 18560K, reserved 1114112K
  class space    used 1818K, committed 2176K, reserved 1048576K
}
Event: 17.864 GC heap before
{Heap before GC invocations=7 (full 0):
 PSYoungGen      total 28672K, used 28571K [0x00000000d5580000, 0x00000000d7780000, 0x0000000100000000)
  eden space 24576K, 100% used [0x00000000d5580000,0x00000000d6d80000,0x00000000d6d80000)
  from space 4096K, 97% used [0x00000000d7380000,0x00000000d7766f98,0x00000000d7780000)
  to   space 4608K, 0% used [0x00000000d6e80000,0x00000000d6e80000,0x00000000d7300000)
 ParOldGen       total 68608K, used 7757K [0x0000000080000000, 0x0000000084300000, 0x00000000d5580000)
  object space 68608K, 11% used [0x0000000080000000,0x0000000080793400,0x0000000084300000)
 Metaspace       used 20428K, committed 21248K, reserved 1114112K
  class space    used 2063K, committed 2368K, reserved 1048576K
}
Event: 17.868 GC heap after
{Heap after GC invocations=7 (full 0):
 PSYoungGen      total 28672K, used 4599K [0x00000000d5580000, 0x00000000d7c00000, 0x0000000100000000)
  eden space 24064K, 0% used [0x00000000d5580000,0x00000000d5580000,0x00000000d6d00000)
  from space 4608K, 99% used [0x00000000d6e80000,0x00000000d72fdc90,0x00000000d7300000)
  to   space 7680K, 0% used [0x00000000d7480000,0x00000000d7480000,0x00000000d7c00000)
 ParOldGen       total 68608K, used 10127K [0x0000000080000000, 0x0000000084300000, 0x00000000d5580000)
  object space 68608K, 14% used [0x0000000080000000,0x00000000809e3f78,0x0000000084300000)
 Metaspace       used 20428K, committed 21248K, reserved 1114112K
  class space    used 2063K, committed 2368K, reserved 1048576K
}
Event: 17.879 GC heap before
{Heap before GC invocations=8 (full 0):
 PSYoungGen      total 28672K, used 10897K [0x00000000d5580000, 0x00000000d7c00000, 0x0000000100000000)
  eden space 24064K, 26% used [0x00000000d5580000,0x00000000d5ba6b48,0x00000000d6d00000)
  from space 4608K, 99% used [0x00000000d6e80000,0x00000000d72fdc90,0x00000000d7300000)
  to   space 7680K, 0% used [0x00000000d7480000,0x00000000d7480000,0x00000000d7c00000)
 ParOldGen       total 68608K, used 10127K [0x0000000080000000, 0x0000000084300000, 0x00000000d5580000)
  object space 68608K, 14% used [0x0000000080000000,0x00000000809e3f78,0x0000000084300000)
 Metaspace       used 20720K, committed 21504K, reserved 1114112K
  class space    used 2070K, committed 2368K, reserved 1048576K
}
Event: 17.881 GC heap after
{Heap after GC invocations=8 (full 0):
 PSYoungGen      total 28160K, used 3832K [0x00000000d5580000, 0x00000000d7880000, 0x0000000100000000)
  eden space 24064K, 0% used [0x00000000d5580000,0x00000000d5580000,0x00000000d6d00000)
  from space 4096K, 93% used [0x00000000d7480000,0x00000000d783e318,0x00000000d7880000)
  to   space 5120K, 0% used [0x00000000d6e80000,0x00000000d6e80000,0x00000000d7380000)
 ParOldGen       total 68608K, used 10536K [0x0000000080000000, 0x0000000084300000, 0x00000000d5580000)
  object space 68608K, 15% used [0x0000000080000000,0x0000000080a4a158,0x0000000084300000)
 Metaspace       used 20720K, committed 21504K, reserved 1114112K
  class space    used 2070K, committed 2368K, reserved 1048576K
}
Event: 17.881 GC heap before
{Heap before GC invocations=9 (full 1):
 PSYoungGen      total 28160K, used 3832K [0x00000000d5580000, 0x00000000d7880000, 0x0000000100000000)
  eden space 24064K, 0% used [0x00000000d5580000,0x00000000d5580000,0x00000000d6d00000)
  from space 4096K, 93% used [0x00000000d7480000,0x00000000d783e318,0x00000000d7880000)
  to   space 5120K, 0% used [0x00000000d6e80000,0x00000000d6e80000,0x00000000d7380000)
 ParOldGen       total 68608K, used 10536K [0x0000000080000000, 0x0000000084300000, 0x00000000d5580000)
  object space 68608K, 15% used [0x0000000080000000,0x0000000080a4a158,0x0000000084300000)
 Metaspace       used 20720K, committed 21504K, reserved 1114112K
  class space    used 2070K, committed 2368K, reserved 1048576K
}
Event: 17.903 GC heap after
{Heap after GC invocations=9 (full 1):
 PSYoungGen      total 28160K, used 0K [0x00000000d5580000, 0x00000000d7880000, 0x0000000100000000)
  eden space 24064K, 0% used [0x00000000d5580000,0x00000000d5580000,0x00000000d6d00000)
  from space 4096K, 0% used [0x00000000d7480000,0x00000000d7480000,0x00000000d7880000)
  to   space 5120K, 0% used [0x00000000d6e80000,0x00000000d6e80000,0x00000000d7380000)
 ParOldGen       total 68608K, used 12597K [0x0000000080000000, 0x0000000084300000, 0x00000000d5580000)
  object space 68608K, 18% used [0x0000000080000000,0x0000000080c4d700,0x0000000084300000)
 Metaspace       used 20707K, committed 21504K, reserved 1114112K
  class space    used 2066K, committed 2368K, reserved 1048576K
}
Event: 18.018 GC heap before
{Heap before GC invocations=10 (full 1):
 PSYoungGen      total 28160K, used 24064K [0x00000000d5580000, 0x00000000d7880000, 0x0000000100000000)
  eden space 24064K, 100% used [0x00000000d5580000,0x00000000d6d00000,0x00000000d6d00000)
  from space 4096K, 0% used [0x00000000d7480000,0x00000000d7480000,0x00000000d7880000)
  to   space 5120K, 0% used [0x00000000d6e80000,0x00000000d6e80000,0x00000000d7380000)
 ParOldGen       total 68608K, used 12597K [0x0000000080000000, 0x0000000084300000, 0x00000000d5580000)
  object space 68608K, 18% used [0x0000000080000000,0x0000000080c4d700,0x0000000084300000)
 Metaspace       used 24346K, committed 25216K, reserved 1114112K
  class space    used 2345K, committed 2688K, reserved 1048576K
}
Event: 18.020 GC heap after
{Heap after GC invocations=10 (full 1):
 PSYoungGen      total 24576K, used 522K [0x00000000d5580000, 0x00000000d7500000, 0x0000000100000000)
  eden space 23552K, 0% used [0x00000000d5580000,0x00000000d5580000,0x00000000d6c80000)
  from space 1024K, 50% used [0x00000000d6e80000,0x00000000d6f028e0,0x00000000d6f80000)
  to   space 2048K, 0% used [0x00000000d7300000,0x00000000d7300000,0x00000000d7500000)
 ParOldGen       total 68608K, used 12597K [0x0000000080000000, 0x0000000084300000, 0x00000000d5580000)
  object space 68608K, 18% used [0x0000000080000000,0x0000000080c4d700,0x0000000084300000)
 Metaspace       used 24346K, committed 25216K, reserved 1114112K
  class space    used 2345K, committed 2688K, reserved 1048576K
}
Event: 18.157 GC heap before
{Heap before GC invocations=11 (full 1):
 PSYoungGen      total 24576K, used 24074K [0x00000000d5580000, 0x00000000d7500000, 0x0000000100000000)
  eden space 23552K, 100% used [0x00000000d5580000,0x00000000d6c80000,0x00000000d6c80000)
  from space 1024K, 50% used [0x00000000d6e80000,0x00000000d6f028e0,0x00000000d6f80000)
  to   space 2048K, 0% used [0x00000000d7300000,0x00000000d7300000,0x00000000d7500000)
 ParOldGen       total 68608K, used 12597K [0x0000000080000000, 0x0000000084300000, 0x00000000d5580000)
  object space 68608K, 18% used [0x0000000080000000,0x0000000080c4d700,0x0000000084300000)
 Metaspace       used 25656K, committed 26432K, reserved 1114112K
  class space    used 2442K, committed 2752K, reserved 1048576K
}
Event: 18.159 GC heap after
{Heap after GC invocations=11 (full 1):
 PSYoungGen      total 25088K, used 1871K [0x00000000d5580000, 0x00000000d7500000, 0x0000000100000000)
  eden space 23040K, 0% used [0x00000000d5580000,0x00000000d5580000,0x00000000d6c00000)
  from space 2048K, 91% used [0x00000000d7300000,0x00000000d74d3da0,0x00000000d7500000)
  to   space 2560K, 0% used [0x00000000d7000000,0x00000000d7000000,0x00000000d7280000)
 ParOldGen       total 68608K, used 13387K [0x0000000080000000, 0x0000000084300000, 0x00000000d5580000)
  object space 68608K, 19% used [0x0000000080000000,0x0000000080d12c10,0x0000000084300000)
 Metaspace       used 25656K, committed 26432K, reserved 1114112K
  class space    used 2442K, committed 2752K, reserved 1048576K
}

Dll operation events (11 events):
Event: 0.007 Loaded shared library c:\Users\Yashika\.vscode\extensions\redhat.java-1.43.1-win32-x64\jre\21.0.7-win32-x86_64\bin\java.dll
Event: 0.078 Loaded shared library c:\Users\Yashika\.vscode\extensions\redhat.java-1.43.1-win32-x64\jre\21.0.7-win32-x86_64\bin\zip.dll
Event: 0.096 Loaded shared library C:\Users\Yashika\.vscode\extensions\redhat.java-1.43.1-win32-x64\jre\21.0.7-win32-x86_64\bin\instrument.dll
Event: 0.101 Loaded shared library C:\Users\Yashika\.vscode\extensions\redhat.java-1.43.1-win32-x64\jre\21.0.7-win32-x86_64\bin\net.dll
Event: 0.105 Loaded shared library C:\Users\Yashika\.vscode\extensions\redhat.java-1.43.1-win32-x64\jre\21.0.7-win32-x86_64\bin\nio.dll
Event: 0.107 Loaded shared library C:\Users\Yashika\.vscode\extensions\redhat.java-1.43.1-win32-x64\jre\21.0.7-win32-x86_64\bin\zip.dll
Event: 0.122 Loaded shared library C:\Users\Yashika\.vscode\extensions\redhat.java-1.43.1-win32-x64\jre\21.0.7-win32-x86_64\bin\jimage.dll
Event: 0.178 Loaded shared library c:\Users\Yashika\.vscode\extensions\redhat.java-1.43.1-win32-x64\jre\21.0.7-win32-x86_64\bin\verify.dll
Event: 6.978 Loaded shared library C:\Users\Yashika\AppData\Roaming\Code\User\globalStorage\redhat.java\1.43.1\config_win\org.eclipse.equinox.launcher\org.eclipse.equinox.launcher.win32.win32.x86_64_1.2.1300.v20250331-1702\eclipse_11911.dll
Event: 17.484 Loaded shared library C:\Users\Yashika\.vscode\extensions\redhat.java-1.43.1-win32-x64\jre\21.0.7-win32-x86_64\bin\management.dll
Event: 17.486 Loaded shared library C:\Users\Yashika\.vscode\extensions\redhat.java-1.43.1-win32-x64\jre\21.0.7-win32-x86_64\bin\management_ext.dll

Deoptimization events (20 events):
Event: 18.197 Thread 0x00000264f456b4b0 Uncommon trap: trap_request=0xffffff45 fr.pc=0x00000264e6d678d0 relative=0x0000000000000970
Event: 18.197 Thread 0x00000264f456b4b0 Uncommon trap: reason=unstable_if action=reinterpret pc=0x00000264e6d678d0 method=java.util.regex.Pattern$BmpCharPropertyGreedy.match(Ljava/util/regex/Matcher;ILjava/lang/CharSequence;)Z @ 12 c2
Event: 18.197 Thread 0x00000264f456b4b0 DEOPT PACKING pc=0x00000264e6d678d0 sp=0x000000b953ffd930
Event: 18.197 Thread 0x00000264f456b4b0 DEOPT UNPACKING pc=0x00000264e6686da2 sp=0x000000b953ffd818 mode 2
Event: 18.237 Thread 0x00000264f456b4b0 Uncommon trap: trap_request=0xffffff45 fr.pc=0x00000264e6d142bc relative=0x00000000000002dc
Event: 18.237 Thread 0x00000264f456b4b0 Uncommon trap: reason=unstable_if action=reinterpret pc=0x00000264e6d142bc method=java.util.Properties.getProperty(Ljava/lang/String;)Ljava/lang/String; @ 36 c2
Event: 18.237 Thread 0x00000264f456b4b0 DEOPT PACKING pc=0x00000264e6d142bc sp=0x000000b953ffe4c0
Event: 18.237 Thread 0x00000264f456b4b0 DEOPT UNPACKING pc=0x00000264e6686da2 sp=0x000000b953ffe468 mode 2
Event: 18.297 Thread 0x00000264f456b4b0 Uncommon trap: trap_request=0xffffff45 fr.pc=0x00000264e6bfeab4 relative=0x0000000000000114
Event: 18.297 Thread 0x00000264f456b4b0 Uncommon trap: reason=unstable_if action=reinterpret pc=0x00000264e6bfeab4 method=java.lang.String.getBytes([BIB)V @ 5 c2
Event: 18.297 Thread 0x00000264f456b4b0 DEOPT PACKING pc=0x00000264e6bfeab4 sp=0x000000b953ffe010
Event: 18.297 Thread 0x00000264f456b4b0 DEOPT UNPACKING pc=0x00000264e6686da2 sp=0x000000b953ffdfb8 mode 2
Event: 18.314 Thread 0x00000264f456b4b0 Uncommon trap: trap_request=0xffffff45 fr.pc=0x00000264e6c07f2c relative=0x000000000000068c
Event: 18.314 Thread 0x00000264f456b4b0 Uncommon trap: reason=unstable_if action=reinterpret pc=0x00000264e6c07f2c method=java.lang.String.replace(Ljava/lang/CharSequence;Ljava/lang/CharSequence;)Ljava/lang/String; @ 42 c2
Event: 18.314 Thread 0x00000264f456b4b0 DEOPT PACKING pc=0x00000264e6c07f2c sp=0x000000b953ffbaa0
Event: 18.314 Thread 0x00000264f456b4b0 DEOPT UNPACKING pc=0x00000264e6686da2 sp=0x000000b953ffba20 mode 2
Event: 18.315 Thread 0x00000264f456b4b0 Uncommon trap: trap_request=0xffffff45 fr.pc=0x00000264e6dbc3e8 relative=0x0000000000000148
Event: 18.315 Thread 0x00000264f456b4b0 Uncommon trap: reason=unstable_if action=reinterpret pc=0x00000264e6dbc3e8 method=java.lang.Long.stringSize(J)I @ 24 c2
Event: 18.315 Thread 0x00000264f456b4b0 DEOPT PACKING pc=0x00000264e6dbc3e8 sp=0x000000b953ffb760
Event: 18.315 Thread 0x00000264f456b4b0 DEOPT UNPACKING pc=0x00000264e6686da2 sp=0x000000b953ffb6b8 mode 2

Classes loaded (20 events):
Event: 18.280 Loading class com/sun/org/apache/xerces/internal/dom/DeferredNode done
Event: 18.280 Loading class com/sun/org/apache/xerces/internal/dom/DeferredDocumentImpl done
Event: 18.281 Loading class com/sun/org/apache/xerces/internal/dom/DeferredDocumentImpl$RefCount
Event: 18.281 Loading class com/sun/org/apache/xerces/internal/dom/DeferredDocumentImpl$RefCount done
Event: 18.282 Loading class com/sun/org/apache/xerces/internal/dom/DeepNodeListImpl
Event: 18.282 Loading class com/sun/org/apache/xerces/internal/dom/DeepNodeListImpl done
Event: 18.282 Loading class com/sun/org/apache/xerces/internal/dom/DeferredElementImpl
Event: 18.282 Loading class com/sun/org/apache/xerces/internal/dom/DeferredElementImpl done
Event: 18.282 Loading class com/sun/org/apache/xerces/internal/dom/DeferredAttrImpl
Event: 18.282 Loading class com/sun/org/apache/xerces/internal/dom/DeferredAttrImpl done
Event: 18.283 Loading class com/sun/org/apache/xerces/internal/dom/DeferredTextImpl
Event: 18.283 Loading class com/sun/org/apache/xerces/internal/dom/DeferredTextImpl done
Event: 18.296 Loading class sun/nio/cs/UTF_8$Encoder
Event: 18.296 Loading class sun/nio/cs/UTF_8$Encoder done
Event: 18.297 Loading class java/io/FileOutputStream$1
Event: 18.297 Loading class java/io/FileOutputStream$1 done
Event: 18.311 Loading class java/nio/charset/IllegalCharsetNameException
Event: 18.311 Loading class java/nio/charset/IllegalCharsetNameException done
Event: 18.314 Loading class java/io/File$TempDirectory
Event: 18.315 Loading class java/io/File$TempDirectory done

Classes unloaded (7 events):
Event: 17.884 Thread 0x00000264dbe81d30 Unloading class 0x00000264811a1000 'java/lang/invoke/LambdaForm$MH+0x00000264811a1000'
Event: 17.884 Thread 0x00000264dbe81d30 Unloading class 0x00000264811a0c00 'java/lang/invoke/LambdaForm$MH+0x00000264811a0c00'
Event: 17.884 Thread 0x00000264dbe81d30 Unloading class 0x00000264811a0800 'java/lang/invoke/LambdaForm$MH+0x00000264811a0800'
Event: 17.884 Thread 0x00000264dbe81d30 Unloading class 0x00000264811a0400 'java/lang/invoke/LambdaForm$MH+0x00000264811a0400'
Event: 17.884 Thread 0x00000264dbe81d30 Unloading class 0x00000264811a0000 'java/lang/invoke/LambdaForm$BMH+0x00000264811a0000'
Event: 17.884 Thread 0x00000264dbe81d30 Unloading class 0x000002648119fc00 'java/lang/invoke/LambdaForm$DMH+0x000002648119fc00'
Event: 17.884 Thread 0x00000264dbe81d30 Unloading class 0x000002648119e800 'java/lang/invoke/LambdaForm$DMH+0x000002648119e800'

Classes redefined (0 events):
No events

Internal exceptions (20 events):
Event: 17.666 Thread 0x00000264f456b4b0 Exception <a 'java/lang/NoSuchMethodError'{0x00000000d6671980}: 'java.lang.Object java.lang.invoke.Invokers$Holder.linkToTargetMethod(java.lang.Object, long, java.lang.Object, java.lang.Object)'> (0x00000000d6671980) 
thrown [s\src\hotspot\share\interpreter\linkResolver.cpp, line 773]
Event: 17.718 Thread 0x00000264f456b4b0 Exception <a 'java/io/FileNotFoundException'{0x00000000d6de8ca8}> (0x00000000d6de8ca8) 
thrown [s\src\hotspot\share\prims\jni.cpp, line 520]
Event: 17.718 Thread 0x00000264f456b4b0 Exception <a 'java/lang/NoSuchMethodError'{0x00000000d6df1088}: 'java.lang.Object java.lang.invoke.DirectMethodHandle$Holder.newInvokeSpecial(java.lang.Object, int, java.lang.Object, java.lang.Object)'> (0x00000000d6df1088) 
thrown [s\src\hotspot\share\interpreter\linkResolver.cpp, line 773]
Event: 17.825 Thread 0x00000264f456b4b0 Exception <a 'java/lang/NoSuchMethodError'{0x00000000d636d280}: 'double java.lang.invoke.DirectMethodHandle$Holder.invokeStatic(java.lang.Object, java.lang.Object)'> (0x00000000d636d280) 
thrown [s\src\hotspot\share\interpreter\linkResolver.cpp, line 773]
Event: 17.826 Thread 0x00000264f456b4b0 Exception <a 'java/lang/NoSuchMethodError'{0x00000000d6370910}: 'double java.lang.invoke.DirectMethodHandle$Holder.invokeStaticInit(java.lang.Object, java.lang.Object)'> (0x00000000d6370910) 
thrown [s\src\hotspot\share\interpreter\linkResolver.cpp, line 773]
Event: 17.909 Thread 0x00000264f456b4b0 Exception <a 'java/io/FileNotFoundException'{0x00000000d5615f40}> (0x00000000d5615f40) 
thrown [s\src\hotspot\share\prims\jni.cpp, line 520]
Event: 17.909 Thread 0x00000264f456b4b0 Exception <a 'java/io/FileNotFoundException'{0x00000000d5616d88}> (0x00000000d5616d88) 
thrown [s\src\hotspot\share\prims\jni.cpp, line 520]
Event: 17.909 Thread 0x00000264f456b4b0 Exception <a 'java/io/FileNotFoundException'{0x00000000d5617cd8}> (0x00000000d5617cd8) 
thrown [s\src\hotspot\share\prims\jni.cpp, line 520]
Event: 17.975 Thread 0x00000264f456b4b0 Exception <a 'java/lang/NoSuchMethodError'{0x00000000d616d878}: 'int java.lang.invoke.DirectMethodHandle$Holder.invokeStaticInit(java.lang.Object, java.lang.Object, java.lang.Object)'> (0x00000000d616d878) 
thrown [s\src\hotspot\share\interpreter\linkResolver.cpp, line 773]
Event: 17.993 Thread 0x00000264f456b4b0 Implicit null exception at 0x00000264e6d916f5 to 0x00000264e6d91808
Event: 18.027 Thread 0x00000264f456b4b0 Exception <a 'java/io/FileNotFoundException'{0x00000000d5705dd0}> (0x00000000d5705dd0) 
thrown [s\src\hotspot\share\prims\jni.cpp, line 520]
Event: 18.050 Thread 0x00000264f456b4b0 Exception <a 'java/io/FileNotFoundException'{0x00000000d62b6250}> (0x00000000d62b6250) 
thrown [s\src\hotspot\share\prims\jni.cpp, line 520]
Event: 18.116 Thread 0x00000264f456b4b0 Exception <a 'java/io/FileNotFoundException'{0x00000000d6a07878}> (0x00000000d6a07878) 
thrown [s\src\hotspot\share\prims\jni.cpp, line 520]
Event: 18.130 Thread 0x00000264f456b4b0 Exception <a 'java/lang/NoSuchMethodError'{0x00000000d6b2f840}: 'java.lang.Object java.lang.invoke.DirectMethodHandle$Holder.invokeStaticInit(java.lang.Object, int, int, int, int)'> (0x00000000d6b2f840) 
thrown [s\src\hotspot\share\interpreter\linkResolver.cpp, line 773]
Event: 18.153 Thread 0x00000264f456b4b0 Exception <a 'java/lang/NoSuchMethodError'{0x00000000d6c62f30}: 'java.lang.Object java.lang.invoke.DirectMethodHandle$Holder.invokeStaticInit(java.lang.Object, java.lang.Object, int, int, int, int)'> (0x00000000d6c62f30) 
thrown [s\src\hotspot\share\interpreter\linkResolver.cpp, line 773]
Event: 18.192 Thread 0x00000264f456b4b0 Exception <a 'sun/nio/fs/WindowsException'{0x00000000d57c6330}> (0x00000000d57c6330) 
thrown [s\src\hotspot\share\prims\jni.cpp, line 520]
Event: 18.192 Thread 0x00000264f456b4b0 Exception <a 'sun/nio/fs/WindowsException'{0x00000000d57ca028}> (0x00000000d57ca028) 
thrown [s\src\hotspot\share\prims\jni.cpp, line 520]
Event: 18.203 Thread 0x00000264f456b4b0 Exception <a 'sun/nio/fs/WindowsException'{0x00000000d589e3a0}> (0x00000000d589e3a0) 
thrown [s\src\hotspot\share\prims\jni.cpp, line 520]
Event: 18.241 Thread 0x00000264f456b4b0 Exception <a 'java/lang/ClassNotFoundException'{0x00000000d5b82c48}: com/sun/org/apache/xml/internal/serializer/spi/XMLEntitiesProvider> (0x00000000d5b82c48) 
thrown [s\src\hotspot\share\classfile\systemDictionary.cpp, line 312]
Event: 18.301 Thread 0x00000264f456b4b0 Exception <a 'java/io/FileNotFoundException'{0x00000000d5f711d0}> (0x00000000d5f711d0) 
thrown [s\src\hotspot\share\prims\jni.cpp, line 520]

ZGC Phase Switch (0 events):
No events

VM Operations (20 events):
Event: 17.879 Executing VM operation: CollectForMetadataAllocation (Metadata GC Threshold)
Event: 17.903 Executing VM operation: CollectForMetadataAllocation (Metadata GC Threshold) done
Event: 18.018 Executing VM operation: ParallelGCFailedAllocation (Allocation Failure)
Event: 18.020 Executing VM operation: ParallelGCFailedAllocation (Allocation Failure) done
Event: 18.097 Executing VM operation: HandshakeAllThreads (Deoptimize)
Event: 18.097 Executing VM operation: HandshakeAllThreads (Deoptimize) done
Event: 18.120 Executing VM operation: HandshakeAllThreads (Deoptimize)
Event: 18.120 Executing VM operation: HandshakeAllThreads (Deoptimize) done
Event: 18.144 Executing VM operation: HandshakeAllThreads (Deoptimize)
Event: 18.144 Executing VM operation: HandshakeAllThreads (Deoptimize) done
Event: 18.157 Executing VM operation: ParallelGCFailedAllocation (Allocation Failure)
Event: 18.159 Executing VM operation: ParallelGCFailedAllocation (Allocation Failure) done
Event: 18.223 Executing VM operation: HandshakeAllThreads (Deoptimize)
Event: 18.223 Executing VM operation: HandshakeAllThreads (Deoptimize) done
Event: 18.240 Executing VM operation: HandshakeAllThreads (Deoptimize)
Event: 18.240 Executing VM operation: HandshakeAllThreads (Deoptimize) done
Event: 18.258 Executing VM operation: HandshakeAllThreads (Deoptimize)
Event: 18.258 Executing VM operation: HandshakeAllThreads (Deoptimize) done
Event: 18.283 Executing VM operation: HandshakeAllThreads (Deoptimize)
Event: 18.283 Executing VM operation: HandshakeAllThreads (Deoptimize) done

Memory protections (0 events):
No events

Nmethod flushes (0 events):
No events

Events (20 events):
Event: 1.393 Thread 0x00000264f428c640 Thread exited: 0x00000264f428c640
Event: 1.393 Thread 0x00000264f428bf70 Thread exited: 0x00000264f428bf70
Event: 6.963 Thread 0x00000264dbf0e4a0 Thread added: 0x00000264f4215bc0
Event: 6.995 Thread 0x00000264f4215bc0 Thread added: 0x00000264f420c940
Event: 6.997 Thread 0x00000264dbf0e4a0 Thread added: 0x00000264f456b4b0
Event: 7.151 Thread 0x00000264f4160080 Thread added: 0x00000264f494ed30
Event: 7.156 Thread 0x00000264f4160080 Thread added: 0x00000264f494bd80
Event: 7.757 Thread 0x00000264f494bd80 Thread exited: 0x00000264f494bd80
Event: 7.757 Thread 0x00000264f494ed30 Thread exited: 0x00000264f494ed30
Event: 10.693 Thread 0x00000264f4160080 Thread added: 0x00000264f494e660
Event: 10.896 Thread 0x00000264f456b4b0 Thread added: 0x00000264f4b00c10
Event: 11.204 Thread 0x00000264f494e660 Thread exited: 0x00000264f494e660
Event: 17.068 Thread 0x00000264f456b4b0 Thread added: 0x00000264f90eb660
Event: 17.120 Thread 0x00000264f456b4b0 Thread added: 0x00000264f4d24090
Event: 17.272 Thread 0x00000264f4160080 Thread added: 0x00000264f9680c40
Event: 17.418 Thread 0x00000264f456b4b0 Thread added: 0x00000264f4d22ce0
Event: 17.533 Thread 0x00000264f456b4b0 Thread added: 0x00000264f4d24720
Event: 17.544 Thread 0x00000264f456b4b0 Thread added: 0x00000264f4d23370
Event: 18.111 Thread 0x00000264f456b4b0 Thread added: 0x00000264f4d212a0
Event: 18.121 Thread 0x00000264f4160080 Thread added: 0x00000264f96820b0


Dynamic libraries:
0x00007ff7c9570000 - 0x00007ff7c957e000 	c:\Users\Yashika\.vscode\extensions\redhat.java-1.43.1-win32-x64\jre\21.0.7-win32-x86_64\bin\java.exe
0x00007ffb40a40000 - 0x00007ffb40ca3000 	C:\WINDOWS\SYSTEM32\ntdll.dll
0x00007ffb3fcc0000 - 0x00007ffb3fd87000 	C:\WINDOWS\System32\KERNEL32.DLL
0x00007ffb3de50000 - 0x00007ffb3e219000 	C:\WINDOWS\System32\KERNELBASE.dll
0x00007ffb3e640000 - 0x00007ffb3e78c000 	C:\WINDOWS\System32\ucrtbase.dll
0x00007ffb1b130000 - 0x00007ffb1b14e000 	c:\Users\Yashika\.vscode\extensions\redhat.java-1.43.1-win32-x64\jre\21.0.7-win32-x86_64\bin\VCRUNTIME140.dll
0x00007ffb33110000 - 0x00007ffb33128000 	c:\Users\Yashika\.vscode\extensions\redhat.java-1.43.1-win32-x64\jre\21.0.7-win32-x86_64\bin\jli.dll
0x00007ffb40720000 - 0x00007ffb408ea000 	C:\WINDOWS\System32\USER32.dll
0x00007ffb1a1e0000 - 0x00007ffb1a470000 	C:\WINDOWS\WinSxS\amd64_microsoft.windows.common-controls_6595b64144ccf1df_6.0.26100.3323_none_3e088096e3344490\COMCTL32.dll
0x00007ffb3e790000 - 0x00007ffb3e7b7000 	C:\WINDOWS\System32\win32u.dll
0x00007ffb406f0000 - 0x00007ffb4071a000 	C:\WINDOWS\System32\GDI32.dll
0x00007ffb3f500000 - 0x00007ffb3f5a9000 	C:\WINDOWS\System32\msvcrt.dll
0x00007ffb3e390000 - 0x00007ffb3e4c1000 	C:\WINDOWS\System32\gdi32full.dll
0x00007ffb3e4d0000 - 0x00007ffb3e573000 	C:\WINDOWS\System32\msvcp_win.dll
0x00007ffb3fb80000 - 0x00007ffb3fbaf000 	C:\WINDOWS\System32\IMM32.DLL
0x00007ffb32c00000 - 0x00007ffb32c0c000 	c:\Users\Yashika\.vscode\extensions\redhat.java-1.43.1-win32-x64\jre\21.0.7-win32-x86_64\bin\vcruntime140_1.dll
0x00007ffae4630000 - 0x00007ffae46bd000 	c:\Users\Yashika\.vscode\extensions\redhat.java-1.43.1-win32-x64\jre\21.0.7-win32-x86_64\bin\msvcp140.dll
0x00007ffa94720000 - 0x00007ffa954b0000 	c:\Users\Yashika\.vscode\extensions\redhat.java-1.43.1-win32-x64\jre\21.0.7-win32-x86_64\bin\server\jvm.dll
0x00007ffb3e860000 - 0x00007ffb3e912000 	C:\WINDOWS\System32\ADVAPI32.dll
0x00007ffb3fad0000 - 0x00007ffb3fb76000 	C:\WINDOWS\System32\sechost.dll
0x00007ffb3feb0000 - 0x00007ffb3ffc6000 	C:\WINDOWS\System32\RPCRT4.dll
0x00007ffb3ee10000 - 0x00007ffb3ee84000 	C:\WINDOWS\System32\WS2_32.dll
0x00007ffb3c890000 - 0x00007ffb3c8de000 	C:\WINDOWS\SYSTEM32\POWRPROF.dll
0x00007ffb320d0000 - 0x00007ffb320db000 	C:\WINDOWS\SYSTEM32\VERSION.dll
0x00007ffb2a300000 - 0x00007ffb2a336000 	C:\WINDOWS\SYSTEM32\WINMM.dll
0x00007ffb3c870000 - 0x00007ffb3c884000 	C:\WINDOWS\SYSTEM32\UMPDC.dll
0x00007ffb3cb30000 - 0x00007ffb3cb4a000 	C:\WINDOWS\SYSTEM32\kernel.appcore.dll
0x00007ffb32af0000 - 0x00007ffb32afa000 	c:\Users\Yashika\.vscode\extensions\redhat.java-1.43.1-win32-x64\jre\21.0.7-win32-x86_64\bin\jimage.dll
0x00007ffb3b5b0000 - 0x00007ffb3b7f1000 	C:\WINDOWS\SYSTEM32\DBGHELP.DLL
0x00007ffb3f6f0000 - 0x00007ffb3fa72000 	C:\WINDOWS\System32\combase.dll
0x00007ffb40920000 - 0x00007ffb409f6000 	C:\WINDOWS\System32\OLEAUT32.dll
0x00007ffb19980000 - 0x00007ffb199b9000 	C:\WINDOWS\SYSTEM32\dbgcore.DLL
0x00007ffb3e7c0000 - 0x00007ffb3e859000 	C:\WINDOWS\System32\bcryptPrimitives.dll
0x00007ffb32ac0000 - 0x00007ffb32acf000 	c:\Users\Yashika\.vscode\extensions\redhat.java-1.43.1-win32-x64\jre\21.0.7-win32-x86_64\bin\instrument.dll
0x00007ffb195a0000 - 0x00007ffb195bf000 	c:\Users\Yashika\.vscode\extensions\redhat.java-1.43.1-win32-x64\jre\21.0.7-win32-x86_64\bin\java.dll
0x00007ffb3ffd0000 - 0x00007ffb406e5000 	C:\WINDOWS\System32\SHELL32.dll
0x00007ffb3e220000 - 0x00007ffb3e388000 	C:\WINDOWS\System32\wintypes.dll
0x00007ffb3b900000 - 0x00007ffb3c145000 	C:\WINDOWS\SYSTEM32\windows.storage.dll
0x00007ffb3ee90000 - 0x00007ffb3ef7b000 	C:\WINDOWS\System32\SHCORE.dll
0x00007ffb3f100000 - 0x00007ffb3f15d000 	C:\WINDOWS\System32\shlwapi.dll
0x00007ffb3db50000 - 0x00007ffb3db7f000 	C:\WINDOWS\SYSTEM32\profapi.dll
0x00007ffb106b0000 - 0x00007ffb106c8000 	c:\Users\Yashika\.vscode\extensions\redhat.java-1.43.1-win32-x64\jre\21.0.7-win32-x86_64\bin\zip.dll
0x00007ffb328c0000 - 0x00007ffb328d0000 	C:\Users\Yashika\.vscode\extensions\redhat.java-1.43.1-win32-x64\jre\21.0.7-win32-x86_64\bin\net.dll
0x00007ffb36690000 - 0x00007ffb367ae000 	C:\WINDOWS\SYSTEM32\WINHTTP.dll
0x00007ffb3d030000 - 0x00007ffb3d09a000 	C:\WINDOWS\system32\mswsock.dll
0x00007ffb10630000 - 0x00007ffb10646000 	C:\Users\Yashika\.vscode\extensions\redhat.java-1.43.1-win32-x64\jre\21.0.7-win32-x86_64\bin\nio.dll
0x00007ffb23500000 - 0x00007ffb23510000 	c:\Users\Yashika\.vscode\extensions\redhat.java-1.43.1-win32-x64\jre\21.0.7-win32-x86_64\bin\verify.dll
0x00007ffaf4670000 - 0x00007ffaf46b5000 	C:\Users\Yashika\AppData\Roaming\Code\User\globalStorage\redhat.java\1.43.1\config_win\org.eclipse.equinox.launcher\org.eclipse.equinox.launcher.win32.win32.x86_64_1.2.1300.v20250331-1702\eclipse_11911.dll
0x00007ffb3f340000 - 0x00007ffb3f4d5000 	C:\WINDOWS\System32\ole32.dll
0x00007ffb32a90000 - 0x00007ffb32a9a000 	C:\Users\Yashika\.vscode\extensions\redhat.java-1.43.1-win32-x64\jre\21.0.7-win32-x86_64\bin\management.dll
0x00007ffb32a80000 - 0x00007ffb32a8b000 	C:\Users\Yashika\.vscode\extensions\redhat.java-1.43.1-win32-x64\jre\21.0.7-win32-x86_64\bin\management_ext.dll
0x00007ffb3f0f0000 - 0x00007ffb3f0f8000 	C:\WINDOWS\System32\PSAPI.DLL
0x00007ffb3d3e0000 - 0x00007ffb3d3fc000 	C:\WINDOWS\SYSTEM32\CRYPTSP.dll
0x00007ffb3ca90000 - 0x00007ffb3caca000 	C:\WINDOWS\system32\rsaenh.dll
0x00007ffb3d0d0000 - 0x00007ffb3d0fb000 	C:\WINDOWS\SYSTEM32\USERENV.dll
0x00007ffb3d570000 - 0x00007ffb3d596000 	C:\WINDOWS\SYSTEM32\bcrypt.dll
0x00007ffb3d260000 - 0x00007ffb3d26c000 	C:\WINDOWS\SYSTEM32\CRYPTBASE.dll
0x00007ffb3c4d0000 - 0x00007ffb3c503000 	C:\WINDOWS\SYSTEM32\IPHLPAPI.DLL
0x00007ffb3f5b0000 - 0x00007ffb3f5ba000 	C:\WINDOWS\System32\NSI.dll
0x00007ffb01150000 - 0x00007ffb01199000 	C:\Users\Yashika\AppData\Local\Temp\jna-269884130\jna14738084584991706754.dll

dbghelp: loaded successfully - version: 4.0.5 - missing functions: none
symbol engine: initialized successfully - sym options: 0x614 - pdb path: .;c:\Users\Yashika\.vscode\extensions\redhat.java-1.43.1-win32-x64\jre\21.0.7-win32-x86_64\bin;C:\WINDOWS\SYSTEM32;C:\WINDOWS\WinSxS\amd64_microsoft.windows.common-controls_6595b64144ccf1df_6.0.26100.3323_none_3e088096e3344490;c:\Users\Yashika\.vscode\extensions\redhat.java-1.43.1-win32-x64\jre\21.0.7-win32-x86_64\bin\server;C:\Users\Yashika\AppData\Roaming\Code\User\globalStorage\redhat.java\1.43.1\config_win\org.eclipse.equinox.launcher\org.eclipse.equinox.launcher.win32.win32.x86_64_1.2.1300.v20250331-1702;C:\Users\Yashika\AppData\Local\Temp\jna-269884130

VM Arguments:
jvm_args: --add-modules=ALL-SYSTEM --add-opens=java.base/java.util=ALL-UNNAMED --add-opens=java.base/java.lang=ALL-UNNAMED --add-opens=java.base/sun.nio.fs=ALL-UNNAMED -Declipse.application=org.eclipse.jdt.ls.core.id1 -Dosgi.bundles.defaultStartLevel=4 -Declipse.product=org.eclipse.jdt.ls.core.product -Djava.import.generatesMetadataFilesAtProjectRoot=false -DDetectVMInstallationsJob.disabled=true -Dfile.encoding=utf8 -XX:+UseParallelGC -XX:GCTimeRatio=4 -XX:AdaptiveSizePolicyWeight=90 -Dsun.zip.disableMemoryMapping=true -Xmx2G -Xms100m -Xlog:disable -javaagent:c:\Users\Yashika\.vscode\extensions\redhat.java-1.43.1-win32-x64\lombok\lombok-1.18.39-4050.jar -XX:+HeapDumpOnOutOfMemoryError -XX:HeapDumpPath=c:\Users\Yashika\AppData\Roaming\Code\User\workspaceStorage\0641453d2ab25f122ecbe5bb976cc655\redhat.java -Daether.dependencyCollector.impl=bf 
java_command: c:\Users\Yashika\.vscode\extensions\redhat.java-1.43.1-win32-x64\server\plugins\org.eclipse.equinox.launcher_1.7.0.v20250519-0528.jar -configuration c:\Users\Yashika\AppData\Roaming\Code\User\globalStorage\redhat.java\1.43.1\config_win -data c:\Users\Yashika\AppData\Roaming\Code\User\workspaceStorage\0641453d2ab25f122ecbe5bb976cc655\redhat.java\jdt_ws --pipe=\\.\pipe\lsp-cca6afc68c32e084e8cebcda59ed8d6a-sock
java_class_path (initial): c:\Users\Yashika\.vscode\extensions\redhat.java-1.43.1-win32-x64\server\plugins\org.eclipse.equinox.launcher_1.7.0.v20250519-0528.jar
Launcher Type: SUN_STANDARD

[Global flags]
    uintx AdaptiveSizePolicyWeight                 = 90                                        {product} {command line}
     intx CICompilerCount                          = 4                                         {product} {ergonomic}
    uintx GCTimeRatio                              = 4                                         {product} {command line}
     bool HeapDumpOnOutOfMemoryError               = true                                   {manageable} {command line}
    ccstr HeapDumpPath                             = c:\Users\Yashika\AppData\Roaming\Code\User\workspaceStorage\0641453d2ab25f122ecbe5bb976cc655\redhat.java         {manageable} {command line}
   size_t InitialHeapSize                          = 104857600                                 {product} {command line}
   size_t MaxHeapSize                              = 2147483648                                {product} {command line}
   size_t MaxNewSize                               = 715653120                                 {product} {ergonomic}
   size_t MinHeapDeltaBytes                        = 524288                                    {product} {ergonomic}
   size_t MinHeapSize                              = 104857600                                 {product} {command line}
   size_t NewSize                                  = 34603008                                  {product} {ergonomic}
    uintx NonNMethodCodeHeapSize                   = 5839372                                {pd product} {ergonomic}
    uintx NonProfiledCodeHeapSize                  = 122909434                              {pd product} {ergonomic}
   size_t OldSize                                  = 70254592                                  {product} {ergonomic}
    uintx ProfiledCodeHeapSize                     = 122909434                              {pd product} {ergonomic}
    uintx ReservedCodeCacheSize                    = 251658240                              {pd product} {ergonomic}
     bool SegmentedCodeCache                       = true                                      {product} {ergonomic}
   size_t SoftMaxHeapSize                          = 2147483648                             {manageable} {ergonomic}
     bool UseCompressedOops                        = true                           {product lp64_product} {ergonomic}
     bool UseLargePagesIndividualAllocation        = false                                  {pd product} {ergonomic}
     bool UseParallelGC                            = true                                      {product} {command line}

Logging:
Log output configuration:
 #0: stdout all=off uptime,level,tags foldmultilines=false
 #1: stderr all=off uptime,level,tags foldmultilines=false

Environment Variables:
JAVA_HOME=C:\Program Files\Java\jdk-19
PATH=C:\Program Files\OpenSSL-Win64\bin;C:\Program Files\Common Files\Oracle\Java\javapath;C:\oracle21\WINDOWS.X64_213000_db_home\bin;C:\Program Files\OpenJDK\jdk-11.0.17.8-hotspot\bin;C:\WINDOWS\system32;C:\WINDOWS;C:\WINDOWS\System32\Wbem;C:\WINDOWS\System32\WindowsPowerShell\v1.0\;C:\WINDOWS\System32\OpenSSH\;C:\Program Files\Java\jdk-19\bin;C:\ProgramData\chocolatey\bin;C:\Program Files\MongoDB\Server\4.2\bin;C:\Users\Yashika\anaconda3\Scripts;C:\Program Files\mongosh-1.10.6-win32-x64\bin;C:\Program Files\Docker\Docker\resources\bin;C:\Program Files\Amazon\AWSCLIV2\;C:\Program Files\nodejs\;C:\apache-maven-3.9.6\bin;C:\Program Files\Git\cmd;C:\Users\Yashika\AppData\Local\Programs\Python\Python38\Scripts\;C:\Users\Yashika\AppData\Local\Programs\Python\Python38\;C:\Users\Yashika\AppData\Local\Android\Sdk\platform-tools;C:\Users\Yashika\AppData\Local\Android\Sdk\tools;C:\Users\Yashika\AppData\Local\Programs\Python\Python311\Scripts\;C:\Users\Yashika\AppData\Local\Programs\Python\Python311\;C:\Users\Yashika\.cargo\bin;C:\Users\Yashika\AppData\Local\Microsoft\WindowsApps;C:\Users\Yashika\AppData\Local\Programs\Microsoft VS Code\bin;C:\Python311\Scripts\pip;C:\Program Files\mongosh-1.10.6-win32-x64\bin;C:\Users\Yashika\AppData\Roaming\npm;C:\Program Files\JetBrains\IntelliJ IDEA Community Edition 2024.3.2.1\bin;;
USERNAME=Yashika
OS=Windows_NT
PROCESSOR_IDENTIFIER=Intel64 Family 6 Model 140 Stepping 1, GenuineIntel
TMP=C:\Users\Yashika\AppData\Local\Temp
TEMP=C:\Users\Yashika\AppData\Local\Temp




Periodic native trim disabled

---------------  S Y S T E M  ---------------

OS:
 Windows 11 , 64 bit Build 26100 (10.0.26100.3323)
OS uptime: 95 days 17:06 hours
Hyper-V role detected

CPU: total 8 (initial active 8) (4 cores per cpu, 2 threads per core) family 6 model 140 stepping 1 microcode 0xba, cx8, cmov, fxsr, ht, mmx, 3dnowpref, sse, sse2, sse3, ssse3, sse4.1, sse4.2, popcnt, lzcnt, tsc, tscinvbit, avx, avx2, aes, erms, clmul, bmi1, bmi2, adx, avx512f, avx512dq, avx512cd, avx512bw, avx512vl, sha, fma, vzeroupper, avx512_vpopcntdq, avx512_vpclmulqdq, avx512_vaes, avx512_vnni, clflush, clflushopt, clwb, avx512_vbmi2, avx512_vbmi, hv, rdtscp, rdpid, fsrm, gfni, avx512_bitalg, f16c, cet_ibt, cet_ss, avx512_ifma
Processor Information for the first 8 processors :
  Max Mhz: 2803, Current Mhz: 2803, Mhz Limit: 2803

Memory: 4k page, system-wide physical 16064M (898M free)
TotalPageFile size 65216M (AvailPageFile size 10M)
current process WorkingSet (physical memory assigned to process): 177M, peak: 177M
current process commit charge ("private bytes"): 307M, peak: 308M

vm_info: OpenJDK 64-Bit Server VM (21.0.7+6-LTS) for windows-amd64 JRE (21.0.7+6-LTS), built on 2025-04-15T00:00:00Z by "admin" with MS VC++ 17.7 (VS2022)

END.
