#
# There is insufficient memory for the Java Runtime Environment to continue.
# Native memory allocation (malloc) failed to allocate 1048576 bytes. Error detail: AllocateHeap
# Possible reasons:
#   The system is out of physical RAM or swap space
#   This process is running with CompressedOops enabled, and the Java Heap may be blocking the growth of the native heap
# Possible solutions:
#   Reduce memory load on the system
#   Increase physical memory or swap space
#   Check if swap backing store is full
#   Decrease Java heap size (-Xmx/-Xms)
#   Decrease number of Java threads
#   Decrease Java thread stack sizes (-Xss)
#   Set larger code cache with -XX:ReservedCodeCacheSize=
#   JVM is running with Unscaled Compressed Oops mode in which the Java heap is
#     placed in the first 4GB address space. The Java Heap base address is the
#     maximum limit for the native heap growth. Please use -XX:HeapBaseMinAddress
#     to set the Java Heap base and to place the Java Heap above 4GB virtual address.
# This output file may be truncated or incomplete.
#
#  Out of Memory Error (allocation.cpp:44), pid=87812, tid=96740
#
# JRE version:  (21.0.7+6) (build )
# Java VM: OpenJDK 64-Bit Server VM (21.0.7+6-LTS, mixed mode, sharing, tiered, compressed oops, compressed class ptrs, parallel gc, windows-amd64)
# No core dump will be written. Minidumps are not enabled by default on client versions of Windows
#

---------------  S U M M A R Y ------------

Command Line: --add-modules=ALL-SYSTEM --add-opens=java.base/java.util=ALL-UNNAMED --add-opens=java.base/java.lang=ALL-UNNAMED --add-opens=java.base/sun.nio.fs=ALL-UNNAMED -Declipse.application=org.eclipse.jdt.ls.core.id1 -Dosgi.bundles.defaultStartLevel=4 -Declipse.product=org.eclipse.jdt.ls.core.product -Djava.import.generatesMetadataFilesAtProjectRoot=false -DDetectVMInstallationsJob.disabled=true -Dfile.encoding=utf8 -XX:+UseParallelGC -XX:GCTimeRatio=4 -XX:AdaptiveSizePolicyWeight=90 -Dsun.zip.disableMemoryMapping=true -Xmx2G -Xms100m -Xlog:disable -javaagent:c:\Users\Yashika\.vscode\extensions\redhat.java-1.43.1-win32-x64\lombok\lombok-1.18.39-4050.jar c:\Users\Yashika\.vscode\extensions\redhat.java-1.43.1-win32-x64\server\plugins\org.eclipse.equinox.launcher_1.7.0.v20250519-0528.jar -configuration c:\Users\Yashika\AppData\Roaming\Code\User\globalStorage\redhat.java\1.43.1\config_ss_win -data c:\Users\Yashika\AppData\Roaming\Code\User\workspaceStorage\0641453d2ab25f122ecbe5bb976cc655\redhat.java\ss_ws --pipe=\\.\pipe\lsp-1c5699da8c2d5d2b1d376fafd78ab85f-sock

Host: 11th Gen Intel(R) Core(TM) i7-1165G7 @ 2.80GHz, 8 cores, 15G,  Windows 11 , 64 bit Build 26100 (10.0.26100.3323)
Time: Sun Jul 20 00:06:48 2025 India Standard Time elapsed time: 3.373570 seconds (0d 0h 0m 3s)

---------------  T H R E A D  ---------------

Current thread (0x0000024c322bcb90):  JavaThread "Unknown thread" [_thread_in_vm, id=96740, stack(0x000000d120700000,0x000000d120800000) (1024K)]

Stack: [0x000000d120700000,0x000000d120800000]
Native frames: (J=compiled Java code, j=interpreted, Vv=VM code, C=native code)
V  [jvm.dll+0x6ce119]
V  [jvm.dll+0x8a84a1]
V  [jvm.dll+0x8aa9ce]
V  [jvm.dll+0x8ab0b3]
V  [jvm.dll+0x27f8a6]
V  [jvm.dll+0xbfba7]
V  [jvm.dll+0x702260]
V  [jvm.dll+0x702dcc]
V  [jvm.dll+0x6dcc63]
V  [jvm.dll+0x871dbc]
V  [jvm.dll+0x3bc47c]
V  [jvm.dll+0x85a848]
V  [jvm.dll+0x45080e]
V  [jvm.dll+0x452451]
C  [jli.dll+0x5278]
C  [ucrtbase.dll+0x37b0]
C  [KERNEL32.DLL+0x2e8d7]
C  [ntdll.dll+0xbbf6c]


---------------  P R O C E S S  ---------------

Threads class SMR info:
_java_thread_list=0x0000024c34809ea0, length=1, elements={
0x0000024c322bcb90
}

Java Threads: ( => current thread )
=>0x0000024c322bcb90 JavaThread "Unknown thread"             [_thread_in_vm, id=96740, stack(0x000000d120700000,0x000000d120800000) (1024K)]
Total: 1

Other Threads:
  0x0000024c34850e40 WatcherThread "VM Periodic Task Thread"        [id=259368, stack(0x000000d120900000,0x000000d120a00000) (1024K)]
  0x0000024c322a63a0 WorkerThread "GC Thread#0"                     [id=195444, stack(0x000000d120800000,0x000000d120900000) (1024K)]
Total: 2

Threads with active compile tasks:
Total: 0

VM state: not at safepoint (normal execution)

VM Mutex/Monitor currently owned by a thread: None

Heap address: 0x0000000080000000, size: 2048 MB, Compressed Oops mode: 32-bit

CDS archive(s) mapped at: [0x0000024c4c000000-0x0000024c4cba0000-0x0000024c4cba0000), size 12189696, SharedBaseAddress: 0x0000024c4c000000, ArchiveRelocationMode: 1.
Compressed class space mapped at: 0x0000024c4d000000-0x0000024c8d000000, reserved size: 1073741824
Narrow klass base: 0x0000024c4c000000, Narrow klass shift: 0, Narrow klass range: 0x100000000

GC Precious Log:
 CardTable entry size: 512
 CPUs: 8 total, 8 available
 Memory: 16064M
 Large Page Support: Disabled
 NUMA Support: Disabled
 Compressed Oops: Enabled (32-bit)
 Alignments: Space 512K, Generation 512K, Heap 2M
 Heap Min Capacity: 100M
 Heap Initial Capacity: 100M
 Heap Max Capacity: 2G
 Pre-touch: Disabled
 Parallel Workers: 8

Heap:
 PSYoungGen      total 29696K, used 512K [0x00000000d5580000, 0x00000000d7680000, 0x0000000100000000)
  eden space 25600K, 2% used [0x00000000d5580000,0x00000000d5600020,0x00000000d6e80000)
  from space 4096K, 0% used [0x00000000d7280000,0x00000000d7280000,0x00000000d7680000)
  to   space 4096K, 0% used [0x00000000d6e80000,0x00000000d6e80000,0x00000000d7280000)
 ParOldGen       total 68608K, used 0K [0x0000000080000000, 0x0000000084300000, 0x00000000d5580000)
  object space 68608K, 0% used [0x0000000080000000,0x0000000080000000,0x0000000084300000)
 Metaspace       used 0K, committed 0K, reserved 1048576K
  class space    used 0K, committed 0K, reserved 1048576K

Card table byte_map: [0x0000024c34180000,0x0000024c34590000] _byte_map_base: 0x0000024c33d80000

Marking Bits: (ParMarkBitMap*) 0x00007ffa953d31f0
 Begin Bits: [0x0000024c46c80000, 0x0000024c48c80000)
 End Bits:   [0x0000024c48c80000, 0x0000024c4ac80000)

Polling page: 0x0000024c32590000

Metaspace:

Usage:
  Non-class:      0 bytes used.
      Class:      0 bytes used.
       Both:      0 bytes used.

Virtual space:
  Non-class space:        0 bytes reserved,       0 bytes (  ?%) committed,  0 nodes.
      Class space:        1.00 GB reserved,       0 bytes (  0%) committed,  1 nodes.
             Both:        1.00 GB reserved,       0 bytes (  0%) committed. 

Chunk freelists:
   Non-Class:  0 bytes
       Class:  16.00 MB
        Both:  16.00 MB

MaxMetaspaceSize: unlimited
CompressedClassSpaceSize: 1.00 GB
Initial GC threshold: 21.00 MB
Current GC threshold: 17179869184.00 GB
CDS: on
 - commit_granule_bytes: 65536.
 - commit_granule_words: 8192.
 - virtual_space_node_default_size: 8388608.
 - enlarge_chunks_in_place: 1.
 - use_allocation_guard: 0.


Internal statistics:

num_allocs_failed_limit: 0.
num_arena_births: 0.
num_arena_deaths: 0.
num_vsnodes_births: 1.
num_vsnodes_deaths: 0.
num_space_committed: 0.
num_space_uncommitted: 0.
num_chunks_returned_to_freelist: 0.
num_chunks_taken_from_freelist: 1.
num_chunk_merges: 0.
num_chunk_splits: 1.
num_chunks_enlarged: 0.
num_inconsistent_stats: 0.

CodeHeap 'non-profiled nmethods': size=120000Kb used=0Kb max_used=0Kb free=120000Kb
 bounds [0x0000024c3f4a0000, 0x0000024c3f710000, 0x0000024c469d0000]
CodeHeap 'profiled nmethods': size=120000Kb used=0Kb max_used=0Kb free=120000Kb
 bounds [0x0000024c379d0000, 0x0000024c37c40000, 0x0000024c3ef00000]
CodeHeap 'non-nmethods': size=5760Kb used=199Kb max_used=348Kb free=5560Kb
 bounds [0x0000024c3ef00000, 0x0000024c3f170000, 0x0000024c3f4a0000]
 total_blobs=70 nmethods=0 adapters=48
 compilation: enabled
              stopped_count=0, restarted_count=0
 full_count=0

Compilation events (0 events):
No events

GC Heap History (0 events):
No events

Dll operation events (1 events):
Event: 0.037 Loaded shared library c:\Users\Yashika\.vscode\extensions\redhat.java-1.43.1-win32-x64\jre\21.0.7-win32-x86_64\bin\java.dll

Deoptimization events (0 events):
No events

Classes loaded (0 events):
No events

Classes unloaded (0 events):
No events

Classes redefined (0 events):
No events

Internal exceptions (0 events):
No events

ZGC Phase Switch (0 events):
No events

VM Operations (0 events):
No events

Memory protections (0 events):
No events

Nmethod flushes (0 events):
No events

Events (1 events):
Event: 2.362 Thread 0x0000024c322bcb90 Thread added: 0x0000024c322bcb90


Dynamic libraries:
0x00007ff7c9570000 - 0x00007ff7c957e000 	c:\Users\Yashika\.vscode\extensions\redhat.java-1.43.1-win32-x64\jre\21.0.7-win32-x86_64\bin\java.exe
0x00007ffb40a40000 - 0x00007ffb40ca3000 	C:\WINDOWS\SYSTEM32\ntdll.dll
0x00007ffb3fcc0000 - 0x00007ffb3fd87000 	C:\WINDOWS\System32\KERNEL32.DLL
0x00007ffb3de50000 - 0x00007ffb3e219000 	C:\WINDOWS\System32\KERNELBASE.dll
0x00007ffb3e640000 - 0x00007ffb3e78c000 	C:\WINDOWS\System32\ucrtbase.dll
0x00007ffb33110000 - 0x00007ffb33128000 	c:\Users\Yashika\.vscode\extensions\redhat.java-1.43.1-win32-x64\jre\21.0.7-win32-x86_64\bin\jli.dll
0x00007ffb1b130000 - 0x00007ffb1b14e000 	c:\Users\Yashika\.vscode\extensions\redhat.java-1.43.1-win32-x64\jre\21.0.7-win32-x86_64\bin\VCRUNTIME140.dll
0x00007ffb40720000 - 0x00007ffb408ea000 	C:\WINDOWS\System32\USER32.dll
0x00007ffb3e790000 - 0x00007ffb3e7b7000 	C:\WINDOWS\System32\win32u.dll
0x00007ffb406f0000 - 0x00007ffb4071a000 	C:\WINDOWS\System32\GDI32.dll
0x00007ffb3e390000 - 0x00007ffb3e4c1000 	C:\WINDOWS\System32\gdi32full.dll
0x00007ffb3e4d0000 - 0x00007ffb3e573000 	C:\WINDOWS\System32\msvcp_win.dll
0x00007ffb1a1e0000 - 0x00007ffb1a470000 	C:\WINDOWS\WinSxS\amd64_microsoft.windows.common-controls_6595b64144ccf1df_6.0.26100.3323_none_3e088096e3344490\COMCTL32.dll
0x00007ffb3f500000 - 0x00007ffb3f5a9000 	C:\WINDOWS\System32\msvcrt.dll
0x00007ffb3fb80000 - 0x00007ffb3fbaf000 	C:\WINDOWS\System32\IMM32.DLL
0x00007ffb32c00000 - 0x00007ffb32c0c000 	c:\Users\Yashika\.vscode\extensions\redhat.java-1.43.1-win32-x64\jre\21.0.7-win32-x86_64\bin\vcruntime140_1.dll
0x00007ffae4630000 - 0x00007ffae46bd000 	c:\Users\Yashika\.vscode\extensions\redhat.java-1.43.1-win32-x64\jre\21.0.7-win32-x86_64\bin\msvcp140.dll
0x00007ffa94720000 - 0x00007ffa954b0000 	c:\Users\Yashika\.vscode\extensions\redhat.java-1.43.1-win32-x64\jre\21.0.7-win32-x86_64\bin\server\jvm.dll
0x00007ffb3e860000 - 0x00007ffb3e912000 	C:\WINDOWS\System32\ADVAPI32.dll
0x00007ffb3fad0000 - 0x00007ffb3fb76000 	C:\WINDOWS\System32\sechost.dll
0x00007ffb3feb0000 - 0x00007ffb3ffc6000 	C:\WINDOWS\System32\RPCRT4.dll
0x00007ffb3ee10000 - 0x00007ffb3ee84000 	C:\WINDOWS\System32\WS2_32.dll
0x00007ffb3c890000 - 0x00007ffb3c8de000 	C:\WINDOWS\SYSTEM32\POWRPROF.dll
0x00007ffb2a300000 - 0x00007ffb2a336000 	C:\WINDOWS\SYSTEM32\WINMM.dll
0x00007ffb320d0000 - 0x00007ffb320db000 	C:\WINDOWS\SYSTEM32\VERSION.dll
0x00007ffb3c870000 - 0x00007ffb3c884000 	C:\WINDOWS\SYSTEM32\UMPDC.dll
0x00007ffb3cb30000 - 0x00007ffb3cb4a000 	C:\WINDOWS\SYSTEM32\kernel.appcore.dll
0x00007ffb32af0000 - 0x00007ffb32afa000 	c:\Users\Yashika\.vscode\extensions\redhat.java-1.43.1-win32-x64\jre\21.0.7-win32-x86_64\bin\jimage.dll
0x00007ffb3b5b0000 - 0x00007ffb3b7f1000 	C:\WINDOWS\SYSTEM32\DBGHELP.DLL
0x00007ffb3f6f0000 - 0x00007ffb3fa72000 	C:\WINDOWS\System32\combase.dll
0x00007ffb40920000 - 0x00007ffb409f6000 	C:\WINDOWS\System32\OLEAUT32.dll
0x00007ffb19980000 - 0x00007ffb199b9000 	C:\WINDOWS\SYSTEM32\dbgcore.DLL
0x00007ffb3e7c0000 - 0x00007ffb3e859000 	C:\WINDOWS\System32\bcryptPrimitives.dll
0x00007ffb32ac0000 - 0x00007ffb32acf000 	c:\Users\Yashika\.vscode\extensions\redhat.java-1.43.1-win32-x64\jre\21.0.7-win32-x86_64\bin\instrument.dll
0x00007ffb195a0000 - 0x00007ffb195bf000 	c:\Users\Yashika\.vscode\extensions\redhat.java-1.43.1-win32-x64\jre\21.0.7-win32-x86_64\bin\java.dll

dbghelp: loaded successfully - version: 4.0.5 - missing functions: none
symbol engine: initialized successfully - sym options: 0x614 - pdb path: .;c:\Users\Yashika\.vscode\extensions\redhat.java-1.43.1-win32-x64\jre\21.0.7-win32-x86_64\bin;C:\WINDOWS\SYSTEM32;C:\WINDOWS\WinSxS\amd64_microsoft.windows.common-controls_6595b64144ccf1df_6.0.26100.3323_none_3e088096e3344490;c:\Users\Yashika\.vscode\extensions\redhat.java-1.43.1-win32-x64\jre\21.0.7-win32-x86_64\bin\server

VM Arguments:
jvm_args: --add-modules=ALL-SYSTEM --add-opens=java.base/java.util=ALL-UNNAMED --add-opens=java.base/java.lang=ALL-UNNAMED --add-opens=java.base/sun.nio.fs=ALL-UNNAMED -Declipse.application=org.eclipse.jdt.ls.core.id1 -Dosgi.bundles.defaultStartLevel=4 -Declipse.product=org.eclipse.jdt.ls.core.product -Djava.import.generatesMetadataFilesAtProjectRoot=false -DDetectVMInstallationsJob.disabled=true -Dfile.encoding=utf8 -XX:+UseParallelGC -XX:GCTimeRatio=4 -XX:AdaptiveSizePolicyWeight=90 -Dsun.zip.disableMemoryMapping=true -Xmx2G -Xms100m -Xlog:disable -javaagent:c:\Users\Yashika\.vscode\extensions\redhat.java-1.43.1-win32-x64\lombok\lombok-1.18.39-4050.jar 
java_command: c:\Users\Yashika\.vscode\extensions\redhat.java-1.43.1-win32-x64\server\plugins\org.eclipse.equinox.launcher_1.7.0.v20250519-0528.jar -configuration c:\Users\Yashika\AppData\Roaming\Code\User\globalStorage\redhat.java\1.43.1\config_ss_win -data c:\Users\Yashika\AppData\Roaming\Code\User\workspaceStorage\0641453d2ab25f122ecbe5bb976cc655\redhat.java\ss_ws --pipe=\\.\pipe\lsp-1c5699da8c2d5d2b1d376fafd78ab85f-sock
java_class_path (initial): c:\Users\Yashika\.vscode\extensions\redhat.java-1.43.1-win32-x64\server\plugins\org.eclipse.equinox.launcher_1.7.0.v20250519-0528.jar
Launcher Type: SUN_STANDARD

[Global flags]
    uintx AdaptiveSizePolicyWeight                 = 90                                        {product} {command line}
     intx CICompilerCount                          = 4                                         {product} {ergonomic}
    uintx GCTimeRatio                              = 4                                         {product} {command line}
   size_t InitialHeapSize                          = 104857600                                 {product} {command line}
   size_t MaxHeapSize                              = 2147483648                                {product} {command line}
   size_t MaxNewSize                               = 715653120                                 {product} {ergonomic}
   size_t MinHeapDeltaBytes                        = 524288                                    {product} {ergonomic}
   size_t MinHeapSize                              = 104857600                                 {product} {command line}
   size_t NewSize                                  = 34603008                                  {product} {ergonomic}
    uintx NonNMethodCodeHeapSize                   = 5839372                                {pd product} {ergonomic}
    uintx NonProfiledCodeHeapSize                  = 122909434                              {pd product} {ergonomic}
   size_t OldSize                                  = 70254592                                  {product} {ergonomic}
    uintx ProfiledCodeHeapSize                     = 122909434                              {pd product} {ergonomic}
    uintx ReservedCodeCacheSize                    = 251658240                              {pd product} {ergonomic}
     bool SegmentedCodeCache                       = true                                      {product} {ergonomic}
   size_t SoftMaxHeapSize                          = 2147483648                             {manageable} {ergonomic}
     bool UseCompressedOops                        = true                           {product lp64_product} {ergonomic}
     bool UseLargePagesIndividualAllocation        = false                                  {pd product} {ergonomic}
     bool UseParallelGC                            = true                                      {product} {command line}

Logging:
Log output configuration:
 #0: stdout all=off uptime,level,tags foldmultilines=false
 #1: stderr all=off uptime,level,tags foldmultilines=false

Environment Variables:
JAVA_HOME=C:\Program Files\Java\jdk-19
PATH=C:\Program Files\OpenSSL-Win64\bin;C:\Program Files\Common Files\Oracle\Java\javapath;C:\oracle21\WINDOWS.X64_213000_db_home\bin;C:\Program Files\OpenJDK\jdk-11.0.17.8-hotspot\bin;C:\WINDOWS\system32;C:\WINDOWS;C:\WINDOWS\System32\Wbem;C:\WINDOWS\System32\WindowsPowerShell\v1.0\;C:\WINDOWS\System32\OpenSSH\;C:\Program Files\Java\jdk-19\bin;C:\ProgramData\chocolatey\bin;C:\Program Files\MongoDB\Server\4.2\bin;C:\Users\Yashika\anaconda3\Scripts;C:\Program Files\mongosh-1.10.6-win32-x64\bin;C:\Program Files\Docker\Docker\resources\bin;C:\Program Files\Amazon\AWSCLIV2\;C:\Program Files\nodejs\;C:\apache-maven-3.9.6\bin;C:\Program Files\Git\cmd;C:\Users\Yashika\AppData\Local\Programs\Python\Python38\Scripts\;C:\Users\Yashika\AppData\Local\Programs\Python\Python38\;C:\Users\Yashika\AppData\Local\Android\Sdk\platform-tools;C:\Users\Yashika\AppData\Local\Android\Sdk\tools;C:\Users\Yashika\AppData\Local\Programs\Python\Python311\Scripts\;C:\Users\Yashika\AppData\Local\Programs\Python\Python311\;C:\Users\Yashika\.cargo\bin;C:\Users\Yashika\AppData\Local\Microsoft\WindowsApps;C:\Users\Yashika\AppData\Local\Programs\Microsoft VS Code\bin;C:\Python311\Scripts\pip;C:\Program Files\mongosh-1.10.6-win32-x64\bin;C:\Users\Yashika\AppData\Roaming\npm;C:\Program Files\JetBrains\IntelliJ IDEA Community Edition 2024.3.2.1\bin;;
USERNAME=Yashika
OS=Windows_NT
PROCESSOR_IDENTIFIER=Intel64 Family 6 Model 140 Stepping 1, GenuineIntel
TMP=C:\Users\Yashika\AppData\Local\Temp
TEMP=C:\Users\Yashika\AppData\Local\Temp




Periodic native trim disabled

---------------  S Y S T E M  ---------------

OS:
 Windows 11 , 64 bit Build 26100 (10.0.26100.3323)
OS uptime: 95 days 17:16 hours
Hyper-V role detected

CPU: total 8 (initial active 8) (4 cores per cpu, 2 threads per core) family 6 model 140 stepping 1 microcode 0xba, cx8, cmov, fxsr, ht, mmx, 3dnowpref, sse, sse2, sse3, ssse3, sse4.1, sse4.2, popcnt, lzcnt, tsc, tscinvbit, avx, avx2, aes, erms, clmul, bmi1, bmi2, adx, avx512f, avx512dq, avx512cd, avx512bw, avx512vl, sha, fma, vzeroupper, avx512_vpopcntdq, avx512_vpclmulqdq, avx512_vaes, avx512_vnni, clflush, clflushopt, clwb, avx512_vbmi2, avx512_vbmi, hv, rdtscp, rdpid, fsrm, gfni, avx512_bitalg, f16c, cet_ibt, cet_ss, avx512_ifma
Processor Information for the first 8 processors :
  Max Mhz: 2803, Current Mhz: 2803, Mhz Limit: 2803

Memory: 4k page, system-wide physical 16064M (727M free)
TotalPageFile size 65216M (AvailPageFile size 53M)
current process WorkingSet (physical memory assigned to process): 25M, peak: 25M
current process commit charge ("private bytes"): 200M, peak: 201M

vm_info: OpenJDK 64-Bit Server VM (21.0.7+6-LTS) for windows-amd64 JRE (21.0.7+6-LTS), built on 2025-04-15T00:00:00Z by "admin" with MS VC++ 17.7 (VS2022)

END.
